SH:../scripts/bugdetect/bugcounting
SH:../scripts/bugdetect/bugfiltering
SH:../scripts/bugdetect/bugmerging
SH:../scripts/bugdetect/bugordering
SH:../scripts/bugdetect/bugtypecounting
SH:../scripts/bugdetect/deckardd.sh
SH:../scripts/bugdetect/mergecomments
SH:../scripts/clonedetect/cd_coverage
SH:../scripts/clonedetect/config-sample
SH:../scripts/clonedetect/config-sample-dot
SH:../scripts/clonedetect/configure
SH:../scripts/clonedetect/configure-dot
SH:../scripts/clonedetect/deckard.sh
SH:../scripts/clonedetect/dot2d.sh
SH:../scripts/clonedetect/generateparam
SH:../scripts/clonedetect/paramsetting
SH:../scripts/clonedetect/paramsetting_groupfile
SH:../scripts/clonedetect/post_process_groupfile
SH:../scripts/clonedetect/vdbclustergroup
SH:../scripts/clonedetect/vdbgen
SH:../scripts/clonedetect/vdbgendot
SH:../scripts/clonedetect/vdbgenfile
SH:../scripts/clonedetect/vecfilter
SH:../scripts/clonedetect/vecquery
SH:../scripts/clonedetect/vertical-param-batch
C:../src/dot2d/dotvgen.cc
C:../src/dot2d/dotvgen.h
SH:../src/dot2d/grammars/output/Makefile
SH:../src/dot2d/Makefile
C:../src/dot2d/node-counter.cc
C:../src/dot2d/node-counter.h
C:../src/dot2d/ptree.cc
C:../src/include/graph.h
C:../src/include/graphptreemap.h
C:../src/include/graphslicer.h
C:../src/include/namemap.h
C:../src/include/ptree.h
C:../src/include/utils.h
C:../src/lib/graph.cpp
C:../src/lib/graphptreemap.cpp
C:../src/lib/graphslicer.cpp
SH:../src/lib/Makefile
C:../src/lib/namemap.cpp
C:../src/lib/utils.cpp
C:../src/main/bugmain.cc
SH:../src/main/build.sh
SH:../src/main/clean.sh
C:../src/main/main.cc
SH:../src/main/Makefile
C:../src/main/out2html.C
C:../src/main/out2xml.C
C:../src/main/parseTreeMain.cc
C:../src/main/ptree.cc
SH:../src/ptgen/Makefile
c:../src/ptgen/yacc.g
C:../src/ptgen/gcc/catomicNodes.h
C:../src/ptgen/gcc/ccontextualNodes.h
C:../src/ptgen/gcc/cparentNodes.h
C:../src/ptgen/gcc/crelevantNodes.h
C:../src/ptgen/gcc/main.cc
SH:../src/ptgen/gcc/mainc.py
SH:../src/ptgen/gcc/Makefile
C:../src/ptgen/java/jatomicNodes.h
C:../src/ptgen/java/jcontextualNodes.h
C:../src/ptgen/java/jparentNodes.h
C:../src/ptgen/java/jrelevantNodes.h
C:../src/ptgen/java/main.cc
SH:../src/ptgen/java/mainj.py
SH:../src/ptgen/java/Makefile
SH:../src/ptgen/php5/mainphp.py
SH:../src/ptgen/php5/Makefile
C:../src/ptgen/php5/phpatomicNodes.h
C:../src/ptgen/php5/phpcontextualNodes.h
C:../src/ptgen/php5/phpparentNodes.h
C:../src/ptgen/php5/phprelevantNodes.h
C:../src/ptgen/simple/main.cc
SH:../src/ptgen/simple/Makefile
C:../src/ptgen/simple/tokid.h
C:../src/ptgen/sol/main.cc
SH:../src/ptgen/sol/mainsol.py
SH:../src/ptgen/sol/Makefile
C:../src/ptgen/sol/solatomicNodes.h
C:../src/ptgen/sol/solcontextualNodes.h
C:../src/ptgen/sol/solparentNodes.h
C:../src/ptgen/sol/solrelevantNodes.h
C:../src/vgen/tra-gen-test.C
C:../src/vgen/treeTra/clone-context-php.C
C:../src/vgen/treeTra/clone-context-php.h
SH:../src/vgen/treeTra/Makefile
C:../src/vgen/treeTra/node-vec-gen.C
C:../src/vgen/treeTra/node-vec-gen.h
C:../src/vgen/treeTra/sq-tree.C
C:../src/vgen/treeTra/sq-tree.h
C:../src/vgen/treeTra/token-counter.C
C:../src/vgen/treeTra/token-counter.h
C:../src/vgen/treeTra/token-tree-map.C
C:../src/vgen/treeTra/token-tree-map.h
C:../src/vgen/treeTra/tra-gen.C
C:../src/vgen/treeTra/tra-gen.h
C:../src/vgen/treeTra/tree-accessor.C
C:../src/vgen/treeTra/tree-accessor.h
C:../src/vgen/treeTra/tree-traversal.C
C:../src/vgen/treeTra/tree-vector.C
C:../src/vgen/treeTra/tree-vector.h
C:../src/vgen/treeTra/vector-merger.C
C:../src/vgen/treeTra/vector-merger.h
C:../src/vgen/treeTra/vector-output.C
C:../src/vgen/treeTra/vector-output.h
C:../src/vgen/treeTra/vgen-config.C
C:../src/vgen/treeTra/vgen-config.h
C:../src/vgen/treeTra/vgen-utils.c
C:../src/vgen/treeTra/vgen-utils.h
C:../src/vgen/vgrouping/computeranges.c
C:../src/vgen/vgrouping/dispatchvectors.c
SH:../src/vgen/vgrouping/Makefile
SH:../src/vgen/vgrouping/rundispatch
SH:../src/vgen/vgrouping/rundispatchonefile
SH:../src/vgen/vgrouping/runsplit
SH:../src/vgen/vgrouping/runvectorsort
C:../src/vgen/vgrouping/split.c
C:../src/vgen/vgrouping/vectorsort.c
